c:\users\llk\source\repos\cue_ape\cue_ape\debug\vc141.pdb
c:\users\llk\source\repos\cue_ape\cue_ape\debug\vc141.idb
c:\users\llk\source\repos\cue_ape\cue_ape\debug\backup_libcmt.obj
c:\users\llk\source\repos\cue_ape\cue_ape\debug\voltage.obj
c:\users\llk\source\repos\cue_ape\debug\cue_ape.lib
c:\users\llk\source\repos\cue_ape\debug\cue_ape.exp
c:\users\llk\source\repos\cue_ape\debug\cue_ape.ilk
c:\users\llk\source\repos\cue_ape\debug\cue_ape.exe
c:\users\llk\source\repos\cue_ape\debug\cue_ape.pdb
c:\users\llk\source\repos\cue_ape\cue_ape\debug\cue_ape.res
c:\users\llk\source\repos\cue_ape\cue_ape\debug\cue_ape.obj
c:\users\llk\source\repos\cue_ape\cue_ape\debug\cue_ape.tlog\cl.command.1.tlog
c:\users\llk\source\repos\cue_ape\cue_ape\debug\cue_ape.tlog\cl.read.1.tlog
c:\users\llk\source\repos\cue_ape\cue_ape\debug\cue_ape.tlog\cl.write.1.tlog
c:\users\llk\source\repos\cue_ape\cue_ape\debug\cue_ape.tlog\cue_ape.write.1u.tlog
c:\users\llk\source\repos\cue_ape\cue_ape\debug\cue_ape.tlog\link.command.1.tlog
c:\users\llk\source\repos\cue_ape\cue_ape\debug\cue_ape.tlog\link.read.1.tlog
c:\users\llk\source\repos\cue_ape\cue_ape\debug\cue_ape.tlog\link.write.1.tlog
c:\users\llk\source\repos\cue_ape\cue_ape\debug\cue_ape.tlog\rc.command.1.tlog
c:\users\llk\source\repos\cue_ape\cue_ape\debug\cue_ape.tlog\rc.read.1.tlog
c:\users\llk\source\repos\cue_ape\cue_ape\debug\cue_ape.tlog\rc.write.1.tlog
